+---------------------------+--------------+--------------+---------------------------+----------------------+--------+------------------------------------------+--------------+--------------+
|         TIMESTAMP         |    EXEC_ID   |   TRANS_ID   |          FUNCTION         |         FILE         |  LINE  |                  MESSAGE                 |   PROC_TYPE  |    STATUS    |
+---------------------------+--------------+--------------+---------------------------+----------------------+--------+------------------------------------------+--------------+--------------+
| 2025-10-12 22:25:53       | 46           | N/A          | enviaremail               | gmailService.py      | 203    | Email 'Start' enviado para:              | system       | information  |
|                           |              |              |                           |                      |        | julio.gomes@maaslo.com.br,               |              |              |
|                           |              |              |                           |                      |        | suporte@maaslo.com.br | Execução: 46 |   |              |              |
|                           |              |              |                           |                      |        | Transação:                               |              |              |
| 2025-10-12 22:25:54       | 46           | N/A          | main                      | main.py              | 12     | ExecutionID: 46 - Process: FIN001_V3 -   | system       | information  |
|                           |              |              |                           |                      |        | Status: STARTING                         |              |              |
| 2025-10-12 22:25:55       | 46           | 20           | main                      | main.py              | 24     | Item Data: 20                            | system       | information  |
| 2025-10-12 22:25:56       | 46           | 20           | main                      | main.py              | 30     | Uso do Item dentro do try                | system       | information  |
| 2025-10-12 22:26:00       | 46           | N/A          | enviaremail               | gmailService.py      | 203    | Email 'Finish' enviado para:             | system       | information  |
|                           |              |              |                           |                      |        | julio.gomes@maaslo.com.br,               |              |              |
|                           |              |              |                           |                      |        | suporte@maaslo.com.br | Execução: 46 |   |              |              |
|                           |              |              |                           |                      |        | Transação:                               |              |              |
| 2025-10-12 22:26:00       | 46           | N/A          | main                      | main.py              | 44     | ExecutionID: 46 - Process: FIN001_V3 -   | system       | information  |
|                           |              |              |                           |                      |        | Status: SUCCESS                          |              |              |
| 2025-10-12 22:26:00       | 46           | N/A          | main                      | main.py              | 58     | ExecutionID: 46 - Process: FIN001_V3 -   | system       | information  |
|                           |              |              |                           |                      |        | Status: FINISHED                         |              |              |
+---------------------------+--------------+--------------+---------------------------+----------------------+--------+------------------------------------------+--------------+--------------+
