+---------------------------+--------------+--------------+---------------------------+----------------------+--------+------------------------------------------+--------------+--------------+
|         TIMESTAMP         |    EXEC_ID   |   TRANS_ID   |          FUNCTION         |         FILE         |  LINE  |                  MESSAGE                 |   PROC_TYPE  |    STATUS    |
+---------------------------+--------------+--------------+---------------------------+----------------------+--------+------------------------------------------+--------------+--------------+
| 2025-10-12 22:09:13       | 39           | N/A          | enviaremail               | gmailService.py      | 203    | Email 'Start' enviado para:              | system       | information  |
|                           |              |              |                           |                      |        | julio.gomes@maaslo.com.br,               |              |              |
|                           |              |              |                           |                      |        | suporte@maaslo.com.br | Execução: 39 |   |              |              |
|                           |              |              |                           |                      |        | Transação:                               |              |              |
| 2025-10-12 22:09:14       | 39           | N/A          | main                      | main.py              | 12     | ExecutionID: 39 - Process: FIN001_V3 -   | system       | information  |
|                           |              |              |                           |                      |        | Status: STARTING                         |              |              |
| 2025-10-12 22:09:15       | 39           | 16           | main                      | main.py              | 24     | Item Data: 16                            | system       | information  |
| 2025-10-12 22:09:16       | 39           | 16           | main                      | main.py              | 29     | Uso do Item dentro do try                | system       | information  |
| 2025-10-12 22:09:20       | 39           | N/A          | enviaremail               | gmailService.py      | 203    | Email 'Finish' enviado para:             | system       | information  |
|                           |              |              |                           |                      |        | julio.gomes@maaslo.com.br,               |              |              |
|                           |              |              |                           |                      |        | suporte@maaslo.com.br | Execução: 39 |   |              |              |
|                           |              |              |                           |                      |        | Transação:                               |              |              |
| 2025-10-12 22:09:20       | 39           | N/A          | main                      | main.py              | 44     | ExecutionID: 39 - Process: FIN001_V3 -   | system       | information  |
|                           |              |              |                           |                      |        | Status: SUCCESS                          |              |              |
| 2025-10-12 22:09:21       | 39           | N/A          | main                      | main.py              | 51     | ExecutionID: 39 - Process: FIN001_V3 -   | system       | information  |
|                           |              |              |                           |                      |        | Status: FINISHED                         |              |              |
+---------------------------+--------------+--------------+---------------------------+----------------------+--------+------------------------------------------+--------------+--------------+
